Determining if the pthread_create exist failed with the following output:
Change Dir: /home/us-robot/catkin_ws/build/CMakeFiles/CMakeTmp

Run Build Command:"/usr/bin/make" "cmTC_b7b82/fast"
/usr/bin/make -f CMakeFiles/cmTC_b7b82.dir/build.make CMakeFiles/cmTC_b7b82.dir/build
make[1]: Entering directory '/home/us-robot/catkin_ws/build/CMakeFiles/CMakeTmp'
Building C object CMakeFiles/cmTC_b7b82.dir/CheckSymbolExists.c.o
/usr/bin/cc     -o CMakeFiles/cmTC_b7b82.dir/CheckSymbolExists.c.o   -c /home/us-robot/catkin_ws/build/CMakeFiles/CMakeTmp/CheckSymbolExists.c
Linking C executable cmTC_b7b82
/usr/bin/cmake -E cmake_link_script CMakeFiles/cmTC_b7b82.dir/link.txt --verbose=1
/usr/bin/cc       CMakeFiles/cmTC_b7b82.dir/CheckSymbolExists.c.o  -o cmTC_b7b82 -rdynamic 
CMakeFiles/cmTC_b7b82.dir/CheckSymbolExists.c.o：在函数‘main’中：
CheckSymbolExists.c:(.text+0x16)：对‘pthread_create’未定义的引用
collect2: error: ld returned 1 exit status
CMakeFiles/cmTC_b7b82.dir/build.make:97: recipe for target 'cmTC_b7b82' failed
make[1]: *** [cmTC_b7b82] Error 1
make[1]: Leaving directory '/home/us-robot/catkin_ws/build/CMakeFiles/CMakeTmp'
Makefile:126: recipe for target 'cmTC_b7b82/fast' failed
make: *** [cmTC_b7b82/fast] Error 2

File /home/us-robot/catkin_ws/build/CMakeFiles/CMakeTmp/CheckSymbolExists.c:
/* */
#include <pthread.h>

int main(int argc, char** argv)
{
  (void)argv;
#ifndef pthread_create
  return ((int*)(&pthread_create))[argc];
#else
  (void)argc;
  return 0;
#endif
}

Determining if the function pthread_create exists in the pthreads failed with the following output:
Change Dir: /home/us-robot/catkin_ws/build/CMakeFiles/CMakeTmp

Run Build Command:"/usr/bin/make" "cmTC_9387b/fast"
/usr/bin/make -f CMakeFiles/cmTC_9387b.dir/build.make CMakeFiles/cmTC_9387b.dir/build
make[1]: Entering directory '/home/us-robot/catkin_ws/build/CMakeFiles/CMakeTmp'
Building C object CMakeFiles/cmTC_9387b.dir/CheckFunctionExists.c.o
/usr/bin/cc    -DCHECK_FUNCTION_EXISTS=pthread_create   -o CMakeFiles/cmTC_9387b.dir/CheckFunctionExists.c.o   -c /usr/share/cmake-3.5/Modules/CheckFunctionExists.c
Linking C executable cmTC_9387b
/usr/bin/cmake -E cmake_link_script CMakeFiles/cmTC_9387b.dir/link.txt --verbose=1
/usr/bin/cc   -DCHECK_FUNCTION_EXISTS=pthread_create    CMakeFiles/cmTC_9387b.dir/CheckFunctionExists.c.o  -o cmTC_9387b -rdynamic -lpthreads 
/usr/bin/ld: 找不到 -lpthreads
collect2: error: ld returned 1 exit status
CMakeFiles/cmTC_9387b.dir/build.make:97: recipe for target 'cmTC_9387b' failed
make[1]: *** [cmTC_9387b] Error 1
make[1]: Leaving directory '/home/us-robot/catkin_ws/build/CMakeFiles/CMakeTmp'
Makefile:126: recipe for target 'cmTC_9387b/fast' failed
make: *** [cmTC_9387b/fast] Error 2


Performing C++ SOURCE FILE Test OpenCL_CXX_WORKS failed with the following output:
Change Dir: /home/us-robot/catkin_ws/build/CMakeFiles/CMakeTmp

Run Build Command:"/usr/bin/make" "cmTC_7fb31/fast"
/usr/bin/make -f CMakeFiles/cmTC_7fb31.dir/build.make CMakeFiles/cmTC_7fb31.dir/build
make[1]: Entering directory '/home/us-robot/catkin_ws/build/CMakeFiles/CMakeTmp'
Building CXX object CMakeFiles/cmTC_7fb31.dir/src.cxx.o
/usr/bin/c++    -I/include/internal  -DBT_USE_DOUBLE_PRECISION -Wall -Wuninitialized -Winit-self -Wunused-function -Wunused-label -Wunused-variable -Wunused-but-set-variable -Wunused-but-set-parameter -Warray-bounds -Wtype-limits -Wreturn-type -Wsequence-point -Wparentheses -Wmissing-braces -Wchar-subscripts -Wswitch -Wwrite-strings -Wenum-compare -Wempty-body -std=c++11 -fopenmp -DOpenCL_CXX_WORKS   -o CMakeFiles/cmTC_7fb31.dir/src.cxx.o -c /home/us-robot/catkin_ws/build/CMakeFiles/CMakeTmp/src.cxx
/home/us-robot/catkin_ws/build/CMakeFiles/CMakeTmp/src.cxx:2:21: fatal error: CL/cl.hpp: 没有那个文件或目录
compilation terminated.
CMakeFiles/cmTC_7fb31.dir/build.make:65: recipe for target 'CMakeFiles/cmTC_7fb31.dir/src.cxx.o' failed
make[1]: *** [CMakeFiles/cmTC_7fb31.dir/src.cxx.o] Error 1
make[1]: Leaving directory '/home/us-robot/catkin_ws/build/CMakeFiles/CMakeTmp'
Makefile:126: recipe for target 'cmTC_7fb31/fast' failed
make: *** [cmTC_7fb31/fast] Error 2

Source file was:

#include <CL/cl.hpp>
int main() {
  cl::Context context;
  cl::Platform platform;
  cl::Device device;
  return 0;
}
Determining if the Q_WS_WIN exist failed with the following output:
Change Dir: /home/us-robot/catkin_ws/build/CMakeFiles/CMakeTmp

Run Build Command:"/usr/bin/make" "cmTC_b6c6b/fast"
/usr/bin/make -f CMakeFiles/cmTC_b6c6b.dir/build.make CMakeFiles/cmTC_b6c6b.dir/build
make[1]: Entering directory '/home/us-robot/catkin_ws/build/CMakeFiles/CMakeTmp'
Building CXX object CMakeFiles/cmTC_b6c6b.dir/CheckSymbolExists.cxx.o
/usr/bin/c++    -I/usr/include/qt4   -o CMakeFiles/cmTC_b6c6b.dir/CheckSymbolExists.cxx.o -c /home/us-robot/catkin_ws/build/CMakeFiles/CMakeTmp/CheckSymbolExists.cxx
/home/us-robot/catkin_ws/build/CMakeFiles/CMakeTmp/CheckSymbolExists.cxx: In function ‘int main(int, char**)’:
/home/us-robot/catkin_ws/build/CMakeFiles/CMakeTmp/CheckSymbolExists.cxx:8:19: error: ‘Q_WS_WIN’ was not declared in this scope
   return ((int*)(&Q_WS_WIN))[argc];
                   ^
CMakeFiles/cmTC_b6c6b.dir/build.make:65: recipe for target 'CMakeFiles/cmTC_b6c6b.dir/CheckSymbolExists.cxx.o' failed
make[1]: *** [CMakeFiles/cmTC_b6c6b.dir/CheckSymbolExists.cxx.o] Error 1
make[1]: Leaving directory '/home/us-robot/catkin_ws/build/CMakeFiles/CMakeTmp'
Makefile:126: recipe for target 'cmTC_b6c6b/fast' failed
make: *** [cmTC_b6c6b/fast] Error 2

File /home/us-robot/catkin_ws/build/CMakeFiles/CMakeTmp/CheckSymbolExists.cxx:
/* */
#include <QtCore/qglobal.h>

int main(int argc, char** argv)
{
  (void)argv;
#ifndef Q_WS_WIN
  return ((int*)(&Q_WS_WIN))[argc];
#else
  (void)argc;
  return 0;
#endif
}

Determining if the Q_WS_QWS exist failed with the following output:
Change Dir: /home/us-robot/catkin_ws/build/CMakeFiles/CMakeTmp

Run Build Command:"/usr/bin/make" "cmTC_0db83/fast"
/usr/bin/make -f CMakeFiles/cmTC_0db83.dir/build.make CMakeFiles/cmTC_0db83.dir/build
make[1]: Entering directory '/home/us-robot/catkin_ws/build/CMakeFiles/CMakeTmp'
Building CXX object CMakeFiles/cmTC_0db83.dir/CheckSymbolExists.cxx.o
/usr/bin/c++    -I/usr/include/qt4   -o CMakeFiles/cmTC_0db83.dir/CheckSymbolExists.cxx.o -c /home/us-robot/catkin_ws/build/CMakeFiles/CMakeTmp/CheckSymbolExists.cxx
/home/us-robot/catkin_ws/build/CMakeFiles/CMakeTmp/CheckSymbolExists.cxx: In function ‘int main(int, char**)’:
/home/us-robot/catkin_ws/build/CMakeFiles/CMakeTmp/CheckSymbolExists.cxx:8:19: error: ‘Q_WS_QWS’ was not declared in this scope
   return ((int*)(&Q_WS_QWS))[argc];
                   ^
CMakeFiles/cmTC_0db83.dir/build.make:65: recipe for target 'CMakeFiles/cmTC_0db83.dir/CheckSymbolExists.cxx.o' failed
make[1]: *** [CMakeFiles/cmTC_0db83.dir/CheckSymbolExists.cxx.o] Error 1
make[1]: Leaving directory '/home/us-robot/catkin_ws/build/CMakeFiles/CMakeTmp'
Makefile:126: recipe for target 'cmTC_0db83/fast' failed
make: *** [cmTC_0db83/fast] Error 2

File /home/us-robot/catkin_ws/build/CMakeFiles/CMakeTmp/CheckSymbolExists.cxx:
/* */
#include <QtCore/qglobal.h>

int main(int argc, char** argv)
{
  (void)argv;
#ifndef Q_WS_QWS
  return ((int*)(&Q_WS_QWS))[argc];
#else
  (void)argc;
  return 0;
#endif
}

Determining if the Q_WS_MAC exist failed with the following output:
Change Dir: /home/us-robot/catkin_ws/build/CMakeFiles/CMakeTmp

Run Build Command:"/usr/bin/make" "cmTC_c9e50/fast"
/usr/bin/make -f CMakeFiles/cmTC_c9e50.dir/build.make CMakeFiles/cmTC_c9e50.dir/build
make[1]: Entering directory '/home/us-robot/catkin_ws/build/CMakeFiles/CMakeTmp'
Building CXX object CMakeFiles/cmTC_c9e50.dir/CheckSymbolExists.cxx.o
/usr/bin/c++    -I/usr/include/qt4   -o CMakeFiles/cmTC_c9e50.dir/CheckSymbolExists.cxx.o -c /home/us-robot/catkin_ws/build/CMakeFiles/CMakeTmp/CheckSymbolExists.cxx
/home/us-robot/catkin_ws/build/CMakeFiles/CMakeTmp/CheckSymbolExists.cxx: In function ‘int main(int, char**)’:
/home/us-robot/catkin_ws/build/CMakeFiles/CMakeTmp/CheckSymbolExists.cxx:8:19: error: ‘Q_WS_MAC’ was not declared in this scope
   return ((int*)(&Q_WS_MAC))[argc];
                   ^
CMakeFiles/cmTC_c9e50.dir/build.make:65: recipe for target 'CMakeFiles/cmTC_c9e50.dir/CheckSymbolExists.cxx.o' failed
make[1]: *** [CMakeFiles/cmTC_c9e50.dir/CheckSymbolExists.cxx.o] Error 1
make[1]: Leaving directory '/home/us-robot/catkin_ws/build/CMakeFiles/CMakeTmp'
Makefile:126: recipe for target 'cmTC_c9e50/fast' failed
make: *** [cmTC_c9e50/fast] Error 2

File /home/us-robot/catkin_ws/build/CMakeFiles/CMakeTmp/CheckSymbolExists.cxx:
/* */
#include <QtCore/qglobal.h>

int main(int argc, char** argv)
{
  (void)argv;
#ifndef Q_WS_MAC
  return ((int*)(&Q_WS_MAC))[argc];
#else
  (void)argc;
  return 0;
#endif
}

